<?xml version="1.0" encoding="UTF-8"?>
<testng-results skipped="0" failed="1" ignored="0" total="1" passed="0">
  <reporter-output>
  </reporter-output>
  <suite name="FreeCRM" duration-ms="153064" started-at="2021-02-19T11:42:50 IST" finished-at="2021-02-19T11:45:23 IST">
    <groups>
    </groups>
    <test name="Test" duration-ms="153064" started-at="2021-02-19T11:42:50 IST" finished-at="2021-02-19T11:45:23 IST">
      <class name="com.testcases.ContactsTest">
        <test-method status="PASS" signature="initiateclass(java.lang.String)[pri:0, instance:com.testcases.ContactsTest@76a3e297]" name="initiateclass" is-config="true" duration-ms="62559" started-at="2021-02-19T11:42:50 IST" finished-at="2021-02-19T11:43:52 IST">
          <params>
            <param index="0">
              <value>
                <![CDATA[chrome]]>
              </value>
            </param>
          </params>
          <reporter-output>
          </reporter-output>
        </test-method> <!-- initiateclass -->
        <test-method status="PASS" signature="init()[pri:0, instance:com.testcases.ContactsTest@76a3e297]" name="init" is-config="true" duration-ms="848" started-at="2021-02-19T11:43:53 IST" finished-at="2021-02-19T11:43:54 IST">
          <reporter-output>
          </reporter-output>
        </test-method> <!-- init -->
        <test-method status="FAIL" signature="Validatecontactpage(java.lang.String, java.lang.String, java.lang.String, java.lang.String, java.lang.String, java.lang.String, java.lang.String)[pri:0, instance:com.testcases.ContactsTest@76a3e297]" name="Validatecontactpage" duration-ms="82516" started-at="2021-02-19T11:43:54 IST" data-provider="DataReader" finished-at="2021-02-19T11:45:16 IST">
          <params>
            <param index="0">
              <value>
                <![CDATA[A638]]>
              </value>
            </param>
            <param index="1">
              <value>
                <![CDATA[B638]]>
              </value>
            </param>
            <param index="2">
              <value>
                <![CDATA[C638]]>
              </value>
            </param>
            <param index="3">
              <value>
                <![CDATA[D638]]>
              </value>
            </param>
            <param index="4">
              <value>
                <![CDATA[Software engineer]]>
              </value>
            </param>
            <param index="5">
              <value>
                <![CDATA[IT]]>
              </value>
            </param>
            <param index="6">
              <value>
                <![CDATA[Lead]]>
              </value>
            </param>
          </params>
          <exception class="java.lang.AssertionError">
            <message>
              <![CDATA[The following asserts failed:
Correct added contact name is displayed on contact page expected [A638 B638] but found [Create New Contact]]]>
            </message>
            <full-stacktrace>
              <![CDATA[java.lang.AssertionError: The following asserts failed:
Correct added contact name is displayed on contact page expected [A638 B638] but found [Create New Contact]
at org.testng.asserts.SoftAssert.assertAll(SoftAssert.java:47)
at org.testng.asserts.SoftAssert.assertAll(SoftAssert.java:31)
at com.common.utilities.AssertClass.Assertall(AssertClass.java:21)
at com.testcases.ContactsTest.Validatecontactpage(ContactsTest.java:37)
at sun.reflect.NativeMethodAccessorImpl.invoke0(Native Method)
at sun.reflect.NativeMethodAccessorImpl.invoke(Unknown Source)
at sun.reflect.DelegatingMethodAccessorImpl.invoke(Unknown Source)
at java.lang.reflect.Method.invoke(Unknown Source)
at org.testng.internal.MethodInvocationHelper.invokeMethod(MethodInvocationHelper.java:132)
at org.testng.internal.TestInvoker.invokeMethod(TestInvoker.java:599)
at org.testng.internal.TestInvoker.invokeTestMethod(TestInvoker.java:174)
at org.testng.internal.MethodRunner.runInSequence(MethodRunner.java:46)
at org.testng.internal.TestInvoker$MethodInvocationAgent.invoke(TestInvoker.java:822)
at org.testng.internal.TestInvoker.invokeTestMethods(TestInvoker.java:147)
at org.testng.internal.TestMethodWorker.invokeTestMethods(TestMethodWorker.java:146)
at org.testng.internal.TestMethodWorker.run(TestMethodWorker.java:128)
at java.util.ArrayList.forEach(Unknown Source)
at org.testng.TestRunner.privateRun(TestRunner.java:764)
at org.testng.TestRunner.run(TestRunner.java:585)
at org.testng.SuiteRunner.runTest(SuiteRunner.java:384)
at org.testng.SuiteRunner.runSequentially(SuiteRunner.java:378)
at org.testng.SuiteRunner.privateRun(SuiteRunner.java:337)
at org.testng.SuiteRunner.run(SuiteRunner.java:286)
at org.testng.SuiteRunnerWorker.runSuite(SuiteRunnerWorker.java:53)
at org.testng.SuiteRunnerWorker.run(SuiteRunnerWorker.java:96)
at org.testng.TestNG.runSuitesSequentially(TestNG.java:1218)
at org.testng.TestNG.runSuitesLocally(TestNG.java:1140)
at org.testng.TestNG.runSuites(TestNG.java:1069)
at org.testng.TestNG.run(TestNG.java:1037)
at org.testng.remote.AbstractRemoteTestNG.run(AbstractRemoteTestNG.java:115)
at org.testng.remote.RemoteTestNG.initAndRun(RemoteTestNG.java:251)
at org.testng.remote.RemoteTestNG.main(RemoteTestNG.java:77)
]]>
            </full-stacktrace>
          </exception> <!-- java.lang.AssertionError -->
          <reporter-output>
          </reporter-output>
        </test-method> <!-- Validatecontactpage -->
        <test-method status="PASS" signature="stopbrowser()[pri:0, instance:com.testcases.ContactsTest@76a3e297]" name="stopbrowser" is-config="true" duration-ms="6490" started-at="2021-02-19T11:45:16 IST" finished-at="2021-02-19T11:45:23 IST">
          <reporter-output>
          </reporter-output>
        </test-method> <!-- stopbrowser -->
      </class> <!-- com.testcases.ContactsTest -->
    </test> <!-- Test -->
  </suite> <!-- FreeCRM -->
</testng-results>
